
=================== PArsePAkerDAta.py (PAPADA) - Ejecutando ====================

 Podios y Puestos Totales - By Podios (Mesas: 86)
---------------------------------------------------
 1.[Pomp    ] | Podios: 36 (43%)| 1ro: 12 (14%)| 2do: 11 (13%)| 3ro: 13 (15%)| Penul: 3 (3%)| Ult:  4 ( 4%)
 2.[Bru     ] | Podios: 32 (37%)| 1ro: 20 (23%)| 2do:  7 ( 8%)| 3ro:  5 ( 5%)| Penul: 2 (2%)| Ult:  2 ( 2%)
 3.[Lilo    ] | Podios: 28 (36%)| 1ro:  8 (10%)| 2do: 11 (14%)| 3ro:  9 (11%)| Penul: 3 (3%)| Ult:  0 ( 0%)
 4.[Fox     ] | Podios: 23 (35%)| 1ro:  9 (13%)| 2do: 10 (15%)| 3ro:  4 ( 6%)| Penul: 5 (7%)| Ult:  7 (10%)
 5.[Jimmy   ] | Podios: 25 (30%)| 1ro: 12 (14%)| 2do:  7 ( 8%)| 3ro:  6 ( 7%)| Penul: 5 (6%)| Ult:  9 (10%)
 6.[Pucky L ] | Podios: 20 (28%)| 1ro:  6 ( 8%)| 2do:  7 (10%)| 3ro:  7 (10%)| Penul: 2 (2%)| Ult: 10 (14%)
 7.[Negro   ] | Podios: 21 (28%)| 1ro:  6 ( 8%)| 2do:  7 ( 9%)| 3ro:  8 (10%)| Penul: 2 (2%)| Ult:  6 ( 8%)
 8.[Razor   ] | Podios: 22 (26%)| 1ro:  6 ( 7%)| 2do:  7 ( 8%)| 3ro:  9 (10%)| Penul: 5 (5%)| Ult:  8 ( 9%)
 9.[Cerba   ] | Podios: 18 (21%)| 1ro:  1 ( 1%)| 2do:  6 ( 7%)| 3ro: 11 (12%)| Penul: 4 (4%)| Ult:  9 (10%)
10.[Richi   ] | Podios: 15 (19%)| 1ro:  3 ( 3%)| 2do:  7 ( 9%)| 3ro:  5 ( 6%)| Penul: 5 (6%)| Ult: 10 (13%)
11.[Gordotox] | Podios:  9 (13%)| 1ro:  2 ( 2%)| 2do:  5 ( 7%)| 3ro:  2 ( 2%)| Penul: 1 (1%)| Ult: 15 (21%)

----------------------------------------------------

======= PArsePAkerDAta.py (PAPADA) - Completado - Runtime: 0.01 segundos =======


=================== PArsePAkerDAta.py (PAPADA) - Ejecutando ====================

 Podios y Puestos Totales - By Podios (Mesas: 99)
---------------------------------------------------
 1.[Pomp    ] | Podios: 42 (44%)| 1ro: 16 (16%)| 2do: 13 (13%)| 3ro: 13 (13%)| Penul: 3 (3%)| Ult:  5 ( 5%)
 2.[Fox     ] | Podios: 30 (38%)| 1ro: 11 (14%)| 2do: 11 (14%)| 3ro:  8 (10%)| Penul: 6 (7%)| Ult:  8 (10%)
 3.[Lilo    ] | Podios: 32 (37%)| 1ro:  9 (10%)| 2do: 12 (13%)| 3ro: 11 (12%)| Penul: 3 (3%)| Ult:  2 ( 2%)
 4.[Bru     ] | Podios: 35 (36%)| 1ro: 21 (21%)| 2do:  9 ( 9%)| 3ro:  5 ( 5%)| Penul: 2 (2%)| Ult:  4 ( 4%)
 5.[Jimmy   ] | Podios: 32 (34%)| 1ro: 15 (15%)| 2do:  9 ( 9%)| 3ro:  8 ( 8%)| Penul: 5 (5%)| Ult: 10 (10%)
 6.[Negro   ] | Podios: 25 (29%)| 1ro:  7 ( 8%)| 2do: 10 (11%)| 3ro:  8 ( 9%)| Penul: 2 (2%)| Ult:  7 ( 8%)
 7.[Pucky L ] | Podios: 22 (27%)| 1ro:  7 ( 8%)| 2do:  7 ( 8%)| 3ro:  8 ( 9%)| Penul: 2 (2%)| Ult: 12 (14%)
 8.[Razor   ] | Podios: 25 (25%)| 1ro:  6 ( 6%)| 2do:  8 ( 8%)| 3ro: 11 (11%)| Penul: 5 (5%)| Ult:  8 ( 8%)
 9.[Cerba   ] | Podios: 20 (20%)| 1ro:  1 ( 1%)| 2do:  7 ( 7%)| 3ro: 12 (12%)| Penul: 4 (4%)| Ult: 11 (11%)
10.[Richi   ] | Podios: 15 (19%)| 1ro:  3 ( 3%)| 2do:  7 ( 9%)| 3ro:  5 ( 6%)| Penul: 5 (6%)| Ult: 10 (13%)
11.[Gordotox] | Podios: 10 (12%)| 1ro:  2 ( 2%)| 2do:  5 ( 6%)| 3ro:  3 ( 3%)| Penul: 1 (1%)| Ult: 16 (20%)

----------------------------------------------------

======= PArsePAkerDAta.py (PAPADA) - Completado - Runtime: 0.01 segundos =======

