
=================== PArsePAkerDAta.py (PAPADA) - Ejecutando ====================

 Torneos: 7 | Mesas Totales: 86
----------------------------------------------------
 1.[Bru     ] Pts/Mesa: 2.48 | Pts: 211 | MJ: 85 (98%) | $$: 773.71 | ROI:  82%
 2.[Pomp    ] Pts/Mesa: 2.18 | Pts: 179 | MJ: 82 (95%) | $$: 555.37 | ROI:  35%
 3.[Lilo    ] Pts/Mesa: 2.03 | Pts: 154 | MJ: 76 (88%) | $$: 465.4  | ROI:  22%
 4.[Fox     ] Pts/Mesa: 2.02 | Pts: 131 | MJ: 65 (75%) | $$: 413.8  | ROI:  27%
 5.[Jimmy   ] Pts/Mesa: 1.88 | Pts: 154 | MJ: 82 (95%) | $$: 551.5  | ROI:  34%
 6.[Negro   ] Pts/Mesa: 1.73 | Pts: 126 | MJ: 73 (84%) | $$: 308.0  | ROI: -15%
 7.[Pucky L ] Pts/Mesa: 1.68 | Pts: 116 | MJ: 69 (80%) | $$: 277.5  | ROI: -19%
 8.[Razor   ] Pts/Mesa: 1.51 | Pts: 127 | MJ: 84 (97%) | $$: 329.5  | ROI: -21%
 9.[Richi   ] Pts/Mesa: 1.33 | Pts: 101 | MJ: 76 (88%) | $$: 227.5  | ROI: -40%
10.[Cerba   ] Pts/Mesa: 1.18 | Pts: 100 | MJ: 85 (98%) | $$: 120.0  | ROI: -71%
11.[Gordotox] Pts/Mesa: 1.13 | Pts: 78  | MJ: 69 (80%) | $$: 163.22 | ROI: -52%

---------------------------------------------------

======= PArsePAkerDAta.py (PAPADA) - Completado - Runtime: 0.02 segundos =======


=================== PArsePAkerDAta.py (PAPADA) - Ejecutando ====================

 Torneos: 8 | Mesas Totales: 99
----------------------------------------------------
 1.[Bru     ] Pts/Mesa: 2.39 | Pts: 232 | MJ: 97 (97%) | $$: 827.71 | ROI:  70%
 2.[Pomp    ] Pts/Mesa: 2.28 | Pts: 217 | MJ: 95 (95%) | $$: 695.37 | ROI:  46%
 3.[Fox     ] Pts/Mesa: 2.05 | Pts: 158 | MJ: 77 (77%) | $$: 500.3  | ROI:  29%
 4.[Jimmy   ] Pts/Mesa: 2.0  | Pts: 188 | MJ: 94 (94%) | $$: 679.5  | ROI:  44%
 5.[Lilo    ] Pts/Mesa: 2.0  | Pts: 172 | MJ: 86 (86%) | $$: 528.9  | ROI:  22%
 6.[Negro   ] Pts/Mesa: 1.77 | Pts: 152 | MJ: 86 (86%) | $$: 355.0  | ROI: -17%
 7.[Pucky L ] Pts/Mesa: 1.63 | Pts: 132 | MJ: 81 (81%) | $$: 310.5  | ROI: -23%
 8.[Razor   ] Pts/Mesa: 1.49 | Pts: 145 | MJ: 97 (97%) | $$: 354.5  | ROI: -26%
 9.[Richi   ] Pts/Mesa: 1.33 | Pts: 101 | MJ: 76 (76%) | $$: 227.5  | ROI: -40%
10.[Cerba   ] Pts/Mesa: 1.17 | Pts: 115 | MJ: 98 (98%) | $$: 138.5  | ROI: -71%
11.[Gordotox] Pts/Mesa: 1.11 | Pts: 89  | MJ: 80 (80%) | $$: 168.22 | ROI: -57%

---------------------------------------------------

======= PArsePAkerDAta.py (PAPADA) - Completado - Runtime: 0.02 segundos =======

